build/outputs/logs/manifest-merger-debug-report.txt
-- Merging decision tree log ---
manifest
ADDED from Studio_Project/JsoupTutorial/AndroidManifest.xml:2:1-29:12
	package
		ADDED from Studio_Project/JsoupTutorial/AndroidManifest.xml:3:5-45
	android:versionName
		ADDED from Studio_Project/JsoupTutorial/AndroidManifest.xml:5:5-30
		INJECTED from Studio_Project/JsoupTutorial/AndroidManifest.xml
		INJECTED from Studio_Project/JsoupTutorial/AndroidManifest.xml
	android:versionCode
		ADDED from Studio_Project/JsoupTutorial/AndroidManifest.xml:4:5-28
		INJECTED from Studio_Project/JsoupTutorial/AndroidManifest.xml
		INJECTED from Studio_Project/JsoupTutorial/AndroidManifest.xml
	xmlns:android
		ADDED from Studio_Project/JsoupTutorial/AndroidManifest.xml:2:11-69
uses-sdk
ADDED from Studio_Project/JsoupTutorial/AndroidManifest.xml:7:5-9:41
	android:targetSdkVersion
		ADDED from Studio_Project/JsoupTutorial/AndroidManifest.xml:9:9-38
	android:minSdkVersion
		ADDED from Studio_Project/JsoupTutorial/AndroidManifest.xml:8:9-35
uses-permission#android.permission.INTERNET
ADDED from Studio_Project/JsoupTutorial/AndroidManifest.xml:11:5-67
	android:name
		ADDED from Studio_Project/JsoupTutorial/AndroidManifest.xml:11:22-64
application
ADDED from Studio_Project/JsoupTutorial/AndroidManifest.xml:13:5-27:19
	android:label
		ADDED from Studio_Project/JsoupTutorial/AndroidManifest.xml:16:9-38
	android:allowBackup
		ADDED from Studio_Project/JsoupTutorial/AndroidManifest.xml:14:9-35
	android:icon
		ADDED from Studio_Project/JsoupTutorial/AndroidManifest.xml:15:9-38
	android:theme
		ADDED from Studio_Project/JsoupTutorial/AndroidManifest.xml:17:9-40
activity#com.androidbegin.jsouptutorial.TestHome
ADDED from Studio_Project/JsoupTutorial/AndroidManifest.xml:18:9-26:20
	android:label
		ADDED from Studio_Project/JsoupTutorial/AndroidManifest.xml:20:13-42
	android:name
		ADDED from Studio_Project/JsoupTutorial/AndroidManifest.xml:19:13-37
intent-filter#android.intent.action.MAIN+android.intent.category.LAUNCHER
ADDED from Studio_Project/JsoupTutorial/AndroidManifest.xml:21:13-25:29
action#android.intent.action.MAIN
ADDED from Studio_Project/JsoupTutorial/AndroidManifest.xml:22:17-69
	android:name
		ADDED from Studio_Project/JsoupTutorial/AndroidManifest.xml:22:25-66
category#android.intent.category.LAUNCHER
ADDED from Studio_Project/JsoupTutorial/AndroidManifest.xml:24:17-77
	android:name
		ADDED from Studio_Project/JsoupTutorial/AndroidManifest.xml:24:27-74